<?xml version="1.0" encoding="UTF-8"?>
<robot generator="Robot 4.1.3 (Python 3.8.2 on win32)" generated="20220327 18:28:33.096" rpa="false" schemaversion="2">
<suite id="s1" name="Tests" source="C:\ProjAuto\parodifood\tests">
<suite id="s1-s1" name="Busca" source="C:\ProjAuto\parodifood\tests\busca.robot">
<test id="s1-s1-t1" name="Deve buscar um único restaurante">
<kw name="Start Session" library="base" type="SETUP">
<kw name="New Browser" library="Browser">
<arg>chromium</arg>
<arg>false</arg>
<tag>BrowserControl</tag>
<tag>Setter</tag>
<doc>Create a new playwright Browser with specified options.</doc>
<msg timestamp="20220327 18:28:35.324" level="INFO">{"browser": "chromium", "headless": false, "handleSIGINT": true, "handleSIGTERM": true, "handleSIGHUP": true, "timeout": 30000.0, "devtools": false, "slowMo": 0.0, "tracesDir": "C:\\ProjAuto\\parodifood\\logs\\browser\\traces\\4be4747b-8388-49f4-9ccb-533ac9ec2ca4"}</msg>
<msg timestamp="20220327 18:28:38.948" level="INFO">Successfully created browser with options: {"browser":"chromium","headless":false,"handleSIGINT":true,"handleSIGTERM":true,"handleSIGHUP":true,"timeout":30000,"devtools":false,"slowMo":0,"tracesDir":"C:\\ProjAuto\\parodifood\\logs\\browser\\traces\\4be4747b-8388-49f4-9ccb-533ac9ec2ca4"}</msg>
<status status="PASS" starttime="20220327 18:28:35.321" endtime="20220327 18:28:38.948"/>
</kw>
<kw name="New Page" library="Browser">
<arg>https://parodifood.herokuapp.com/</arg>
<tag>BrowserControl</tag>
<tag>Setter</tag>
<doc>Open a new Page.</doc>
<msg timestamp="20220327 18:28:43.220" level="INFO">Successfully initialized new page object and opened url: https://parodifood.herokuapp.com/</msg>
<msg timestamp="20220327 18:28:43.221" level="INFO">No context was open. New context was automatically opened when this page is created.</msg>
<status status="PASS" starttime="20220327 18:28:38.948" endtime="20220327 18:28:43.222"/>
</kw>
<kw name="Get Text" library="Browser">
<arg>css=span:nth-child(1)</arg>
<arg>contains</arg>
<arg>Nunca foi tão engraçado pedir comida</arg>
<tag>Assertion</tag>
<tag>Getter</tag>
<tag>PageContent</tag>
<doc>Returns text attribute of the element found by ``selector``.</doc>
<status status="PASS" starttime="20220327 18:28:43.222" endtime="20220327 18:28:43.497"/>
</kw>
<status status="PASS" starttime="20220327 18:28:35.319" endtime="20220327 18:28:43.497"/>
</kw>
<kw name="Go to Restaurants" library="search">
<kw name="Click" library="Browser">
<arg>text=Estou com fome!</arg>
<tag>PageContent</tag>
<tag>Setter</tag>
<doc>Simulates mouse click on the element found by ``selector``.</doc>
<status status="PASS" starttime="20220327 18:28:43.501" endtime="20220327 18:28:43.652"/>
</kw>
<kw name="Get Text" library="Browser">
<arg>css=h1 strong</arg>
<arg>contains</arg>
<arg>Ta na hora de matar a fome!</arg>
<tag>Assertion</tag>
<tag>Getter</tag>
<tag>PageContent</tag>
<doc>Returns text attribute of the element found by ``selector``.</doc>
<status status="PASS" starttime="20220327 18:28:43.652" endtime="20220327 18:28:43.689"/>
</kw>
<status status="PASS" starttime="20220327 18:28:43.501" endtime="20220327 18:28:43.689"/>
</kw>
<kw name="Search By" library="search">
<arg>debuger</arg>
<kw name="Click" library="Browser">
<arg>css=.search-link</arg>
<tag>PageContent</tag>
<tag>Setter</tag>
<doc>Simulates mouse click on the element found by ``selector``.</doc>
<status status="PASS" starttime="20220327 18:28:43.690" endtime="20220327 18:28:43.767"/>
</kw>
<kw name="Fill Text" library="Browser">
<arg>css=input[formcontrolname="searchControl"]</arg>
<arg>${value}</arg>
<tag>PageContent</tag>
<tag>Setter</tag>
<doc>Clears and fills the given ``txt`` into the text field found by ``selector``.</doc>
<msg timestamp="20220327 18:28:43.768" level="INFO">Fills the text 'debuger' in the given field.</msg>
<status status="PASS" starttime="20220327 18:28:43.768" endtime="20220327 18:28:43.899"/>
</kw>
<status status="PASS" starttime="20220327 18:28:43.689" endtime="20220327 18:28:43.899"/>
</kw>
<kw name="Restaurant Should be visible" library="search">
<arg>DEBUGER KING</arg>
<kw name="Wait For Elements State" library="Browser">
<arg>${DIV_BOX_RESTAURANT}</arg>
<arg>visible</arg>
<arg>10</arg>
<tag>PageContent</tag>
<tag>Wait</tag>
<doc>Waits for the element found by ``selector`` to satisfy state option.</doc>
<msg timestamp="20220327 18:28:44.930" level="INFO">Waited for Element with selector css=div[class="place-info-box"][style="opacity: 1;"] at state visible</msg>
<status status="PASS" starttime="20220327 18:28:43.902" endtime="20220327 18:28:44.930"/>
</kw>
<kw name="Get Text" library="Browser">
<arg>${DIV_BOX_RESTAURANT}</arg>
<arg>contains</arg>
<arg>${name}</arg>
<tag>Assertion</tag>
<tag>Getter</tag>
<tag>PageContent</tag>
<doc>Returns text attribute of the element found by ``selector``.</doc>
<status status="PASS" starttime="20220327 18:28:44.930" endtime="20220327 18:28:44.963"/>
</kw>
<status status="PASS" starttime="20220327 18:28:43.900" endtime="20220327 18:28:44.963"/>
</kw>
<kw name="Restaurant Count Should be" library="search">
<arg>1</arg>
<kw name="Get Element Count" library="Browser">
<arg>${DIV_BOX_RESTAURANT}</arg>
<arg>equal</arg>
<arg>${qtd}</arg>
<tag>Assertion</tag>
<tag>Getter</tag>
<tag>PageContent</tag>
<doc>Returns the count of elements found with ``selector``.</doc>
<status status="PASS" starttime="20220327 18:28:44.964" endtime="20220327 18:28:44.975"/>
</kw>
<status status="PASS" starttime="20220327 18:28:44.964" endtime="20220327 18:28:44.975"/>
</kw>
<kw name="Take Screenshot" library="Browser" type="TEARDOWN">
<tag>PageContent</tag>
<doc>Takes a screenshot of the current window or element and saves it to disk.</doc>
<msg timestamp="20220327 18:28:45.138" level="INFO" html="true">&lt;/td&gt;&lt;/tr&gt;&lt;tr&gt;&lt;td colspan="3"&gt;&lt;a href="browser/screenshot/robotframework-browser-screenshot-1.png"&gt;&lt;img src="browser/screenshot/robotframework-browser-screenshot-1.png" width="800px"&gt;&lt;/a&gt;</msg>
<status status="PASS" starttime="20220327 18:28:44.976" endtime="20220327 18:28:45.138"/>
</kw>
<status status="PASS" starttime="20220327 18:28:35.309" endtime="20220327 18:28:45.140"/>
</test>
<test id="s1-s1-t2" name="Deve buscar por uma categoria">
<kw name="Start Session" library="base" type="SETUP">
<kw name="New Browser" library="Browser">
<arg>chromium</arg>
<arg>false</arg>
<tag>BrowserControl</tag>
<tag>Setter</tag>
<doc>Create a new playwright Browser with specified options.</doc>
<msg timestamp="20220327 18:28:45.414" level="INFO">{"browser": "chromium", "headless": false, "handleSIGINT": true, "handleSIGTERM": true, "handleSIGHUP": true, "timeout": 30000.0, "devtools": false, "slowMo": 0.0, "tracesDir": "C:\\ProjAuto\\parodifood\\logs\\browser\\traces\\c2f54e4d-db98-4746-97a4-f25ef61310eb"}</msg>
<msg timestamp="20220327 18:28:49.225" level="INFO">Successfully created browser with options: {"browser":"chromium","headless":false,"handleSIGINT":true,"handleSIGTERM":true,"handleSIGHUP":true,"timeout":30000,"devtools":false,"slowMo":0,"tracesDir":"C:\\ProjAuto\\parodifood\\logs\\browser\\traces\\c2f54e4d-db98-4746-97a4-f25ef61310eb"}</msg>
<status status="PASS" starttime="20220327 18:28:45.412" endtime="20220327 18:28:49.225"/>
</kw>
<kw name="New Page" library="Browser">
<arg>https://parodifood.herokuapp.com/</arg>
<tag>BrowserControl</tag>
<tag>Setter</tag>
<doc>Open a new Page.</doc>
<msg timestamp="20220327 18:28:53.513" level="INFO">Successfully initialized new page object and opened url: https://parodifood.herokuapp.com/</msg>
<msg timestamp="20220327 18:28:53.514" level="INFO">No context was open. New context was automatically opened when this page is created.</msg>
<status status="PASS" starttime="20220327 18:28:49.226" endtime="20220327 18:28:53.515"/>
</kw>
<kw name="Get Text" library="Browser">
<arg>css=span:nth-child(1)</arg>
<arg>contains</arg>
<arg>Nunca foi tão engraçado pedir comida</arg>
<tag>Assertion</tag>
<tag>Getter</tag>
<tag>PageContent</tag>
<doc>Returns text attribute of the element found by ``selector``.</doc>
<status status="PASS" starttime="20220327 18:28:53.516" endtime="20220327 18:28:53.785"/>
</kw>
<status status="PASS" starttime="20220327 18:28:45.411" endtime="20220327 18:28:53.785"/>
</kw>
<kw name="Go to Restaurants" library="search">
<kw name="Click" library="Browser">
<arg>text=Estou com fome!</arg>
<tag>PageContent</tag>
<tag>Setter</tag>
<doc>Simulates mouse click on the element found by ``selector``.</doc>
<status status="PASS" starttime="20220327 18:28:53.788" endtime="20220327 18:28:53.933"/>
</kw>
<kw name="Get Text" library="Browser">
<arg>css=h1 strong</arg>
<arg>contains</arg>
<arg>Ta na hora de matar a fome!</arg>
<tag>Assertion</tag>
<tag>Getter</tag>
<tag>PageContent</tag>
<doc>Returns text attribute of the element found by ``selector``.</doc>
<status status="PASS" starttime="20220327 18:28:53.933" endtime="20220327 18:28:53.969"/>
</kw>
<status status="PASS" starttime="20220327 18:28:53.787" endtime="20220327 18:28:53.971"/>
</kw>
<kw name="Search By" library="search">
<arg>cafe</arg>
<kw name="Click" library="Browser">
<arg>css=.search-link</arg>
<tag>PageContent</tag>
<tag>Setter</tag>
<doc>Simulates mouse click on the element found by ``selector``.</doc>
<status status="PASS" starttime="20220327 18:28:53.973" endtime="20220327 18:28:54.027"/>
</kw>
<kw name="Fill Text" library="Browser">
<arg>css=input[formcontrolname="searchControl"]</arg>
<arg>${value}</arg>
<tag>PageContent</tag>
<tag>Setter</tag>
<doc>Clears and fills the given ``txt`` into the text field found by ``selector``.</doc>
<msg timestamp="20220327 18:28:54.028" level="INFO">Fills the text 'cafe' in the given field.</msg>
<status status="PASS" starttime="20220327 18:28:54.027" endtime="20220327 18:28:54.147"/>
</kw>
<status status="PASS" starttime="20220327 18:28:53.972" endtime="20220327 18:28:54.147"/>
</kw>
<kw name="Restaurant Should be visible" library="search">
<arg>STARBUGS COFFE</arg>
<kw name="Wait For Elements State" library="Browser">
<arg>${DIV_BOX_RESTAURANT}</arg>
<arg>visible</arg>
<arg>10</arg>
<tag>PageContent</tag>
<tag>Wait</tag>
<doc>Waits for the element found by ``selector`` to satisfy state option.</doc>
<msg timestamp="20220327 18:28:55.331" level="INFO">Waited for Element with selector css=div[class="place-info-box"][style="opacity: 1;"] at state visible</msg>
<status status="PASS" starttime="20220327 18:28:54.151" endtime="20220327 18:28:55.332"/>
</kw>
<kw name="Get Text" library="Browser">
<arg>${DIV_BOX_RESTAURANT}</arg>
<arg>contains</arg>
<arg>${name}</arg>
<tag>Assertion</tag>
<tag>Getter</tag>
<tag>PageContent</tag>
<doc>Returns text attribute of the element found by ``selector``.</doc>
<status status="PASS" starttime="20220327 18:28:55.332" endtime="20220327 18:28:55.381"/>
</kw>
<status status="PASS" starttime="20220327 18:28:54.151" endtime="20220327 18:28:55.381"/>
</kw>
<kw name="Take Screenshot" library="Browser" type="TEARDOWN">
<tag>PageContent</tag>
<doc>Takes a screenshot of the current window or element and saves it to disk.</doc>
<msg timestamp="20220327 18:28:55.536" level="INFO" html="true">&lt;/td&gt;&lt;/tr&gt;&lt;tr&gt;&lt;td colspan="3"&gt;&lt;a href="browser/screenshot/robotframework-browser-screenshot-2.png"&gt;&lt;img src="browser/screenshot/robotframework-browser-screenshot-2.png" width="800px"&gt;&lt;/a&gt;</msg>
<status status="PASS" starttime="20220327 18:28:55.382" endtime="20220327 18:28:55.537"/>
</kw>
<status status="PASS" starttime="20220327 18:28:45.403" endtime="20220327 18:28:55.538"/>
</test>
<test id="s1-s1-t3" name="Deve buscar todos os restaurantes">
<kw name="Start Session" library="base" type="SETUP">
<kw name="New Browser" library="Browser">
<arg>chromium</arg>
<arg>false</arg>
<tag>BrowserControl</tag>
<tag>Setter</tag>
<doc>Create a new playwright Browser with specified options.</doc>
<msg timestamp="20220327 18:28:55.809" level="INFO">{"browser": "chromium", "headless": false, "handleSIGINT": true, "handleSIGTERM": true, "handleSIGHUP": true, "timeout": 30000.0, "devtools": false, "slowMo": 0.0, "tracesDir": "C:\\ProjAuto\\parodifood\\logs\\browser\\traces\\b79de0bf-e57c-4862-a253-6d6833377f78"}</msg>
<msg timestamp="20220327 18:28:59.632" level="INFO">Successfully created browser with options: {"browser":"chromium","headless":false,"handleSIGINT":true,"handleSIGTERM":true,"handleSIGHUP":true,"timeout":30000,"devtools":false,"slowMo":0,"tracesDir":"C:\\ProjAuto\\parodifood\\logs\\browser\\traces\\b79de0bf-e57c-4862-a253-6d6833377f78"}</msg>
<status status="PASS" starttime="20220327 18:28:55.807" endtime="20220327 18:28:59.633"/>
</kw>
<kw name="New Page" library="Browser">
<arg>https://parodifood.herokuapp.com/</arg>
<tag>BrowserControl</tag>
<tag>Setter</tag>
<doc>Open a new Page.</doc>
<msg timestamp="20220327 18:29:03.906" level="INFO">Successfully initialized new page object and opened url: https://parodifood.herokuapp.com/</msg>
<msg timestamp="20220327 18:29:03.906" level="INFO">No context was open. New context was automatically opened when this page is created.</msg>
<status status="PASS" starttime="20220327 18:28:59.633" endtime="20220327 18:29:03.907"/>
</kw>
<kw name="Get Text" library="Browser">
<arg>css=span:nth-child(1)</arg>
<arg>contains</arg>
<arg>Nunca foi tão engraçado pedir comida</arg>
<tag>Assertion</tag>
<tag>Getter</tag>
<tag>PageContent</tag>
<doc>Returns text attribute of the element found by ``selector``.</doc>
<status status="PASS" starttime="20220327 18:29:03.907" endtime="20220327 18:29:04.195"/>
</kw>
<status status="PASS" starttime="20220327 18:28:55.806" endtime="20220327 18:29:04.195"/>
</kw>
<kw name="Go to Restaurants" library="search">
<kw name="Click" library="Browser">
<arg>text=Estou com fome!</arg>
<tag>PageContent</tag>
<tag>Setter</tag>
<doc>Simulates mouse click on the element found by ``selector``.</doc>
<status status="PASS" starttime="20220327 18:29:04.197" endtime="20220327 18:29:04.376"/>
</kw>
<kw name="Get Text" library="Browser">
<arg>css=h1 strong</arg>
<arg>contains</arg>
<arg>Ta na hora de matar a fome!</arg>
<tag>Assertion</tag>
<tag>Getter</tag>
<tag>PageContent</tag>
<doc>Returns text attribute of the element found by ``selector``.</doc>
<status status="PASS" starttime="20220327 18:29:04.377" endtime="20220327 18:29:04.408"/>
</kw>
<status status="PASS" starttime="20220327 18:29:04.196" endtime="20220327 18:29:04.408"/>
</kw>
<kw name="Search By" library="search">
<arg>a</arg>
<kw name="Click" library="Browser">
<arg>css=.search-link</arg>
<tag>PageContent</tag>
<tag>Setter</tag>
<doc>Simulates mouse click on the element found by ``selector``.</doc>
<status status="PASS" starttime="20220327 18:29:04.409" endtime="20220327 18:29:04.483"/>
</kw>
<kw name="Fill Text" library="Browser">
<arg>css=input[formcontrolname="searchControl"]</arg>
<arg>${value}</arg>
<tag>PageContent</tag>
<tag>Setter</tag>
<doc>Clears and fills the given ``txt`` into the text field found by ``selector``.</doc>
<msg timestamp="20220327 18:29:04.484" level="INFO">Fills the text 'a' in the given field.</msg>
<status status="PASS" starttime="20220327 18:29:04.483" endtime="20220327 18:29:04.609"/>
</kw>
<status status="PASS" starttime="20220327 18:29:04.409" endtime="20220327 18:29:04.609"/>
</kw>
<kw name="Restaurant Count Should be" library="search">
<arg>5</arg>
<kw name="Get Element Count" library="Browser">
<arg>${DIV_BOX_RESTAURANT}</arg>
<arg>equal</arg>
<arg>${qtd}</arg>
<tag>Assertion</tag>
<tag>Getter</tag>
<tag>PageContent</tag>
<doc>Returns the count of elements found with ``selector``.</doc>
<status status="PASS" starttime="20220327 18:29:04.613" endtime="20220327 18:29:05.065"/>
</kw>
<status status="PASS" starttime="20220327 18:29:04.611" endtime="20220327 18:29:05.065"/>
</kw>
<kw name="Take Screenshot" library="Browser" type="TEARDOWN">
<tag>PageContent</tag>
<doc>Takes a screenshot of the current window or element and saves it to disk.</doc>
<msg timestamp="20220327 18:29:05.345" level="INFO" html="true">&lt;/td&gt;&lt;/tr&gt;&lt;tr&gt;&lt;td colspan="3"&gt;&lt;a href="browser/screenshot/robotframework-browser-screenshot-3.png"&gt;&lt;img src="browser/screenshot/robotframework-browser-screenshot-3.png" width="800px"&gt;&lt;/a&gt;</msg>
<status status="PASS" starttime="20220327 18:29:05.066" endtime="20220327 18:29:05.345"/>
</kw>
<status status="PASS" starttime="20220327 18:28:55.798" endtime="20220327 18:29:05.346"/>
</test>
<status status="PASS" starttime="20220327 18:28:33.212" endtime="20220327 18:29:05.687"/>
</suite>
<suite id="s1-s2" name="Carrinho" source="C:\ProjAuto\parodifood\tests\carrinho.robot">
<test id="s1-s2-t1" name="Deve adicionar um item ao carrinho">
<kw name="Start Session" library="base" type="SETUP">
<kw name="New Browser" library="Browser">
<arg>chromium</arg>
<arg>false</arg>
<tag>BrowserControl</tag>
<tag>Setter</tag>
<doc>Create a new playwright Browser with specified options.</doc>
<msg timestamp="20220327 18:29:05.750" level="INFO">{"browser": "chromium", "headless": false, "handleSIGINT": true, "handleSIGTERM": true, "handleSIGHUP": true, "timeout": 30000.0, "devtools": false, "slowMo": 0.0, "tracesDir": "C:\\ProjAuto\\parodifood\\logs\\browser\\traces\\a2346373-bc62-47b8-a3d8-fb506909d720"}</msg>
<msg timestamp="20220327 18:29:09.513" level="INFO">Successfully created browser with options: {"browser":"chromium","headless":false,"handleSIGINT":true,"handleSIGTERM":true,"handleSIGHUP":true,"timeout":30000,"devtools":false,"slowMo":0,"tracesDir":"C:\\ProjAuto\\parodifood\\logs\\browser\\traces\\a2346373-bc62-47b8-a3d8-fb506909d720"}</msg>
<status status="PASS" starttime="20220327 18:29:05.750" endtime="20220327 18:29:09.514"/>
</kw>
<kw name="New Page" library="Browser">
<arg>https://parodifood.herokuapp.com/</arg>
<tag>BrowserControl</tag>
<tag>Setter</tag>
<doc>Open a new Page.</doc>
<msg timestamp="20220327 18:29:13.850" level="INFO">Successfully initialized new page object and opened url: https://parodifood.herokuapp.com/</msg>
<msg timestamp="20220327 18:29:13.851" level="INFO">No context was open. New context was automatically opened when this page is created.</msg>
<status status="PASS" starttime="20220327 18:29:09.515" endtime="20220327 18:29:13.852"/>
</kw>
<kw name="Get Text" library="Browser">
<arg>css=span:nth-child(1)</arg>
<arg>contains</arg>
<arg>Nunca foi tão engraçado pedir comida</arg>
<tag>Assertion</tag>
<tag>Getter</tag>
<tag>PageContent</tag>
<doc>Returns text attribute of the element found by ``selector``.</doc>
<status status="PASS" starttime="20220327 18:29:13.853" endtime="20220327 18:29:14.133"/>
</kw>
<status status="PASS" starttime="20220327 18:29:05.749" endtime="20220327 18:29:14.134"/>
</kw>
<kw name="Create Dictionary" library="BuiltIn">
<var>&amp;{restaurant}</var>
<arg>restaurant=STARBUGS COFFE</arg>
<arg>desc=Nada melhor que um café pra te ajudar a resolver um bug.</arg>
<doc>Creates and returns a dictionary based on the given ``items``.</doc>
<msg timestamp="20220327 18:29:14.137" level="INFO">&amp;{restaurant} = { restaurant=STARBUGS COFFE | desc=Nada melhor que um café pra te ajudar a resolver um bug. }</msg>
<status status="PASS" starttime="20220327 18:29:14.135" endtime="20220327 18:29:14.137"/>
</kw>
<kw name="Go to Restaurants" library="search">
<kw name="Click" library="Browser">
<arg>text=Estou com fome!</arg>
<tag>PageContent</tag>
<tag>Setter</tag>
<doc>Simulates mouse click on the element found by ``selector``.</doc>
<status status="PASS" starttime="20220327 18:29:14.138" endtime="20220327 18:29:14.294"/>
</kw>
<kw name="Get Text" library="Browser">
<arg>css=h1 strong</arg>
<arg>contains</arg>
<arg>Ta na hora de matar a fome!</arg>
<tag>Assertion</tag>
<tag>Getter</tag>
<tag>PageContent</tag>
<doc>Returns text attribute of the element found by ``selector``.</doc>
<status status="PASS" starttime="20220327 18:29:14.295" endtime="20220327 18:29:14.323"/>
</kw>
<status status="PASS" starttime="20220327 18:29:14.138" endtime="20220327 18:29:14.323"/>
</kw>
<kw name="Choose Restaurant" library="search">
<arg>${restaurant}</arg>
<kw name="Click" library="Browser">
<arg>text=${super_var["restaurant"]}</arg>
<tag>PageContent</tag>
<tag>Setter</tag>
<doc>Simulates mouse click on the element found by ``selector``.</doc>
<status status="PASS" starttime="20220327 18:29:14.325" endtime="20220327 18:29:15.100"/>
</kw>
<kw name="Wait For Elements State" library="Browser">
<arg>css=#detail</arg>
<arg>visible</arg>
<arg>10</arg>
<tag>PageContent</tag>
<tag>Wait</tag>
<doc>Waits for the element found by ``selector`` to satisfy state option.</doc>
<msg timestamp="20220327 18:29:15.129" level="INFO">Waited for Element with selector css=#detail at state visible</msg>
<status status="PASS" starttime="20220327 18:29:15.100" endtime="20220327 18:29:15.129"/>
</kw>
<kw name="Get Text" library="Browser">
<arg>css=#detail</arg>
<arg>contains</arg>
<arg>${super_var["desc"]}</arg>
<tag>Assertion</tag>
<tag>Getter</tag>
<tag>PageContent</tag>
<doc>Returns text attribute of the element found by ``selector``.</doc>
<status status="PASS" starttime="20220327 18:29:15.129" endtime="20220327 18:29:15.184"/>
</kw>
<status status="PASS" starttime="20220327 18:29:14.324" endtime="20220327 18:29:15.185"/>
</kw>
<kw name="Add to cart" library="cart">
<arg>Starbugs 500 error</arg>
<kw name="Click" library="Browser">
<arg>xpath=//span[text()="${name}"]/..//a[@class="add-to-cart"]</arg>
<tag>PageContent</tag>
<tag>Setter</tag>
<doc>Simulates mouse click on the element found by ``selector``.</doc>
<status status="PASS" starttime="20220327 18:29:15.190" endtime="20220327 18:29:15.871"/>
</kw>
<status status="PASS" starttime="20220327 18:29:15.188" endtime="20220327 18:29:15.872"/>
</kw>
<kw name="Should Add to cart" library="cart">
<arg>Starbugs 500 error</arg>
<kw name="Wait For Elements State" library="Browser">
<arg>css=#cart tr &gt;&gt; text=${name}</arg>
<arg>visible</arg>
<arg>5</arg>
<tag>PageContent</tag>
<tag>Wait</tag>
<doc>Waits for the element found by ``selector`` to satisfy state option.</doc>
<msg timestamp="20220327 18:29:15.898" level="INFO">Waited for Element with selector css=#cart tr &gt;&gt; text=Starbugs 500 error at state visible</msg>
<status status="PASS" starttime="20220327 18:29:15.878" endtime="20220327 18:29:15.898"/>
</kw>
<status status="PASS" starttime="20220327 18:29:15.876" endtime="20220327 18:29:15.899"/>
</kw>
<kw name="Total Cart Should Be" library="cart">
<arg>15,60</arg>
<kw name="Log" library="BuiltIn">
<arg>${total}</arg>
<doc>Logs the given message with the given level.</doc>
<msg timestamp="20220327 18:29:15.900" level="INFO">15,60</msg>
<status status="PASS" starttime="20220327 18:29:15.900" endtime="20220327 18:29:15.900"/>
</kw>
<kw name="Get Text" library="Browser">
<arg>xpath=//th[contains(text(),"Total")]/..//td</arg>
<arg>contains</arg>
<arg>${total}</arg>
<tag>Assertion</tag>
<tag>Getter</tag>
<tag>PageContent</tag>
<doc>Returns text attribute of the element found by ``selector``.</doc>
<status status="PASS" starttime="20220327 18:29:15.900" endtime="20220327 18:29:15.933"/>
</kw>
<status status="PASS" starttime="20220327 18:29:15.899" endtime="20220327 18:29:15.933"/>
</kw>
<kw name="Take Screenshot" library="Browser" type="TEARDOWN">
<tag>PageContent</tag>
<doc>Takes a screenshot of the current window or element and saves it to disk.</doc>
<msg timestamp="20220327 18:29:16.199" level="INFO" html="true">&lt;/td&gt;&lt;/tr&gt;&lt;tr&gt;&lt;td colspan="3"&gt;&lt;a href="browser/screenshot/robotframework-browser-screenshot-4.png"&gt;&lt;img src="browser/screenshot/robotframework-browser-screenshot-4.png" width="800px"&gt;&lt;/a&gt;</msg>
<status status="PASS" starttime="20220327 18:29:15.935" endtime="20220327 18:29:16.199"/>
</kw>
<status status="PASS" starttime="20220327 18:29:05.745" endtime="20220327 18:29:16.201"/>
</test>
<test id="s1-s2-t2" name="Deve adicionar 3 itens ao carrinho">
<kw name="Start Session" library="base" type="SETUP">
<kw name="New Browser" library="Browser">
<arg>chromium</arg>
<arg>false</arg>
<tag>BrowserControl</tag>
<tag>Setter</tag>
<doc>Create a new playwright Browser with specified options.</doc>
<msg timestamp="20220327 18:29:16.441" level="INFO">{"browser": "chromium", "headless": false, "handleSIGINT": true, "handleSIGTERM": true, "handleSIGHUP": true, "timeout": 30000.0, "devtools": false, "slowMo": 0.0, "tracesDir": "C:\\ProjAuto\\parodifood\\logs\\browser\\traces\\4195bbdf-12af-4ea6-98f4-28fdff3a2872"}</msg>
<msg timestamp="20220327 18:29:20.574" level="INFO">Successfully created browser with options: {"browser":"chromium","headless":false,"handleSIGINT":true,"handleSIGTERM":true,"handleSIGHUP":true,"timeout":30000,"devtools":false,"slowMo":0,"tracesDir":"C:\\ProjAuto\\parodifood\\logs\\browser\\traces\\4195bbdf-12af-4ea6-98f4-28fdff3a2872"}</msg>
<status status="PASS" starttime="20220327 18:29:16.437" endtime="20220327 18:29:20.574"/>
</kw>
<kw name="New Page" library="Browser">
<arg>https://parodifood.herokuapp.com/</arg>
<tag>BrowserControl</tag>
<tag>Setter</tag>
<doc>Open a new Page.</doc>
<msg timestamp="20220327 18:29:24.819" level="INFO">Successfully initialized new page object and opened url: https://parodifood.herokuapp.com/</msg>
<msg timestamp="20220327 18:29:24.820" level="INFO">No context was open. New context was automatically opened when this page is created.</msg>
<status status="PASS" starttime="20220327 18:29:20.575" endtime="20220327 18:29:24.820"/>
</kw>
<kw name="Get Text" library="Browser">
<arg>css=span:nth-child(1)</arg>
<arg>contains</arg>
<arg>Nunca foi tão engraçado pedir comida</arg>
<tag>Assertion</tag>
<tag>Getter</tag>
<tag>PageContent</tag>
<doc>Returns text attribute of the element found by ``selector``.</doc>
<status status="PASS" starttime="20220327 18:29:24.821" endtime="20220327 18:29:25.093"/>
</kw>
<status status="PASS" starttime="20220327 18:29:16.436" endtime="20220327 18:29:25.093"/>
</kw>
<kw name="Get JSON" library="base">
<var>${cart_json}</var>
<arg>cart.json</arg>
<kw name="Get File" library="OperatingSystem">
<var>${file}</var>
<arg>${EXECDIR}/resources/fixtures/${file_name}</arg>
<doc>Returns the contents of a specified file.</doc>
<msg timestamp="20220327 18:29:25.095" level="INFO" html="true">Getting file '&lt;a href="file://C:\ProjAuto\parodifood\resources\fixtures\cart.json"&gt;C:\ProjAuto\parodifood\resources\fixtures\cart.json&lt;/a&gt;'.</msg>
<msg timestamp="20220327 18:29:25.095" level="INFO">${file} = {
    "restaurant": "STARBUGS COFFE",
    "desc": "Nada melhor que um café pra te ajudar a resolver um bug.",
    "products": [
        {
            "name": "Cappuccino com Chantilly"
        },
    ...</msg>
<status status="PASS" starttime="20220327 18:29:25.094" endtime="20220327 18:29:25.095"/>
</kw>
<kw name="Evaluate" library="BuiltIn">
<var>${super_var}</var>
<arg>json.loads($file)</arg>
<arg>json</arg>
<doc>Evaluates the given expression in Python and returns the result.</doc>
<msg timestamp="20220327 18:29:25.102" level="INFO">${super_var} = {'restaurant': 'STARBUGS COFFE', 'desc': 'Nada melhor que um café pra te ajudar a resolver um bug.', 'products': [{'name': 'Cappuccino com Chantilly'}, {'name': 'Super Espreso'}, {'name': 'Starbugs 50...</msg>
<status status="PASS" starttime="20220327 18:29:25.096" endtime="20220327 18:29:25.102"/>
</kw>
<msg timestamp="20220327 18:29:25.103" level="INFO">${cart_json} = {'restaurant': 'STARBUGS COFFE', 'desc': 'Nada melhor que um café pra te ajudar a resolver um bug.', 'products': [{'name': 'Cappuccino com Chantilly'}, {'name': 'Super Espreso'}, {'name': 'Starbugs 50...</msg>
<status status="PASS" starttime="20220327 18:29:25.094" endtime="20220327 18:29:25.103"/>
</kw>
<kw name="Go to Restaurants" library="search">
<kw name="Click" library="Browser">
<arg>text=Estou com fome!</arg>
<tag>PageContent</tag>
<tag>Setter</tag>
<doc>Simulates mouse click on the element found by ``selector``.</doc>
<status status="PASS" starttime="20220327 18:29:25.104" endtime="20220327 18:29:25.291"/>
</kw>
<kw name="Get Text" library="Browser">
<arg>css=h1 strong</arg>
<arg>contains</arg>
<arg>Ta na hora de matar a fome!</arg>
<tag>Assertion</tag>
<tag>Getter</tag>
<tag>PageContent</tag>
<doc>Returns text attribute of the element found by ``selector``.</doc>
<status status="PASS" starttime="20220327 18:29:25.292" endtime="20220327 18:29:25.322"/>
</kw>
<status status="PASS" starttime="20220327 18:29:25.103" endtime="20220327 18:29:25.322"/>
</kw>
<kw name="Choose Restaurant" library="search">
<arg>${cart_json}</arg>
<kw name="Click" library="Browser">
<arg>text=${super_var["restaurant"]}</arg>
<tag>PageContent</tag>
<tag>Setter</tag>
<doc>Simulates mouse click on the element found by ``selector``.</doc>
<status status="PASS" starttime="20220327 18:29:25.323" endtime="20220327 18:29:26.107"/>
</kw>
<kw name="Wait For Elements State" library="Browser">
<arg>css=#detail</arg>
<arg>visible</arg>
<arg>10</arg>
<tag>PageContent</tag>
<tag>Wait</tag>
<doc>Waits for the element found by ``selector`` to satisfy state option.</doc>
<msg timestamp="20220327 18:29:26.131" level="INFO">Waited for Element with selector css=#detail at state visible</msg>
<status status="PASS" starttime="20220327 18:29:26.108" endtime="20220327 18:29:26.131"/>
</kw>
<kw name="Get Text" library="Browser">
<arg>css=#detail</arg>
<arg>contains</arg>
<arg>${super_var["desc"]}</arg>
<tag>Assertion</tag>
<tag>Getter</tag>
<tag>PageContent</tag>
<doc>Returns text attribute of the element found by ``selector``.</doc>
<status status="PASS" starttime="20220327 18:29:26.132" endtime="20220327 18:29:26.320"/>
</kw>
<status status="PASS" starttime="20220327 18:29:25.323" endtime="20220327 18:29:26.320"/>
</kw>
<for flavor="IN">
<var>${products}</var>
<value>@{cart_json["products"]}</value>
<iter>
<var name="${products}">{'name': 'Cappuccino com Chantilly'}</var>
<kw name="Add to cart" library="cart">
<arg>${products["name"]}</arg>
<kw name="Click" library="Browser">
<arg>xpath=//span[text()="${name}"]/..//a[@class="add-to-cart"]</arg>
<tag>PageContent</tag>
<tag>Setter</tag>
<doc>Simulates mouse click on the element found by ``selector``.</doc>
<status status="PASS" starttime="20220327 18:29:26.329" endtime="20220327 18:29:26.729"/>
</kw>
<status status="PASS" starttime="20220327 18:29:26.327" endtime="20220327 18:29:26.730"/>
</kw>
<kw name="Should Add to cart" library="cart">
<arg>${products["name"]}</arg>
<kw name="Wait For Elements State" library="Browser">
<arg>css=#cart tr &gt;&gt; text=${name}</arg>
<arg>visible</arg>
<arg>5</arg>
<tag>PageContent</tag>
<tag>Wait</tag>
<doc>Waits for the element found by ``selector`` to satisfy state option.</doc>
<msg timestamp="20220327 18:29:26.748" level="INFO">Waited for Element with selector css=#cart tr &gt;&gt; text=Cappuccino com Chantilly at state visible</msg>
<status status="PASS" starttime="20220327 18:29:26.732" endtime="20220327 18:29:26.748"/>
</kw>
<status status="PASS" starttime="20220327 18:29:26.730" endtime="20220327 18:29:26.748"/>
</kw>
<status status="PASS" starttime="20220327 18:29:26.327" endtime="20220327 18:29:26.748"/>
</iter>
<iter>
<var name="${products}">{'name': 'Super Espreso'}</var>
<kw name="Add to cart" library="cart">
<arg>${products["name"]}</arg>
<kw name="Click" library="Browser">
<arg>xpath=//span[text()="${name}"]/..//a[@class="add-to-cart"]</arg>
<tag>PageContent</tag>
<tag>Setter</tag>
<doc>Simulates mouse click on the element found by ``selector``.</doc>
<status status="PASS" starttime="20220327 18:29:26.751" endtime="20220327 18:29:26.838"/>
</kw>
<status status="PASS" starttime="20220327 18:29:26.748" endtime="20220327 18:29:26.839"/>
</kw>
<kw name="Should Add to cart" library="cart">
<arg>${products["name"]}</arg>
<kw name="Wait For Elements State" library="Browser">
<arg>css=#cart tr &gt;&gt; text=${name}</arg>
<arg>visible</arg>
<arg>5</arg>
<tag>PageContent</tag>
<tag>Wait</tag>
<doc>Waits for the element found by ``selector`` to satisfy state option.</doc>
<msg timestamp="20220327 18:29:26.859" level="INFO">Waited for Element with selector css=#cart tr &gt;&gt; text=Super Espreso at state visible</msg>
<status status="PASS" starttime="20220327 18:29:26.841" endtime="20220327 18:29:26.859"/>
</kw>
<status status="PASS" starttime="20220327 18:29:26.839" endtime="20220327 18:29:26.860"/>
</kw>
<status status="PASS" starttime="20220327 18:29:26.748" endtime="20220327 18:29:26.860"/>
</iter>
<iter>
<var name="${products}">{'name': 'Starbugs 500 error'}</var>
<kw name="Add to cart" library="cart">
<arg>${products["name"]}</arg>
<kw name="Click" library="Browser">
<arg>xpath=//span[text()="${name}"]/..//a[@class="add-to-cart"]</arg>
<tag>PageContent</tag>
<tag>Setter</tag>
<doc>Simulates mouse click on the element found by ``selector``.</doc>
<status status="PASS" starttime="20220327 18:29:26.861" endtime="20220327 18:29:26.931"/>
</kw>
<status status="PASS" starttime="20220327 18:29:26.860" endtime="20220327 18:29:26.931"/>
</kw>
<kw name="Should Add to cart" library="cart">
<arg>${products["name"]}</arg>
<kw name="Wait For Elements State" library="Browser">
<arg>css=#cart tr &gt;&gt; text=${name}</arg>
<arg>visible</arg>
<arg>5</arg>
<tag>PageContent</tag>
<tag>Wait</tag>
<doc>Waits for the element found by ``selector`` to satisfy state option.</doc>
<msg timestamp="20220327 18:29:26.948" level="INFO">Waited for Element with selector css=#cart tr &gt;&gt; text=Starbugs 500 error at state visible</msg>
<status status="PASS" starttime="20220327 18:29:26.932" endtime="20220327 18:29:26.948"/>
</kw>
<status status="PASS" starttime="20220327 18:29:26.931" endtime="20220327 18:29:26.948"/>
</kw>
<status status="PASS" starttime="20220327 18:29:26.860" endtime="20220327 18:29:26.949"/>
</iter>
<status status="PASS" starttime="20220327 18:29:26.325" endtime="20220327 18:29:26.949"/>
</for>
<kw name="Total Cart Should Be" library="cart">
<arg>${cart_json["total"]}</arg>
<kw name="Log" library="BuiltIn">
<arg>${total}</arg>
<doc>Logs the given message with the given level.</doc>
<msg timestamp="20220327 18:29:26.954" level="INFO">38,00</msg>
<status status="PASS" starttime="20220327 18:29:26.953" endtime="20220327 18:29:26.954"/>
</kw>
<kw name="Get Text" library="Browser">
<arg>xpath=//th[contains(text(),"Total")]/..//td</arg>
<arg>contains</arg>
<arg>${total}</arg>
<tag>Assertion</tag>
<tag>Getter</tag>
<tag>PageContent</tag>
<doc>Returns text attribute of the element found by ``selector``.</doc>
<status status="PASS" starttime="20220327 18:29:26.955" endtime="20220327 18:29:27.005"/>
</kw>
<status status="PASS" starttime="20220327 18:29:26.949" endtime="20220327 18:29:27.005"/>
</kw>
<kw name="Take Screenshot" library="Browser" type="TEARDOWN">
<tag>PageContent</tag>
<doc>Takes a screenshot of the current window or element and saves it to disk.</doc>
<msg timestamp="20220327 18:29:27.296" level="INFO" html="true">&lt;/td&gt;&lt;/tr&gt;&lt;tr&gt;&lt;td colspan="3"&gt;&lt;a href="browser/screenshot/robotframework-browser-screenshot-5.png"&gt;&lt;img src="browser/screenshot/robotframework-browser-screenshot-5.png" width="800px"&gt;&lt;/a&gt;</msg>
<status status="PASS" starttime="20220327 18:29:27.006" endtime="20220327 18:29:27.296"/>
</kw>
<tag>temp</tag>
<status status="PASS" starttime="20220327 18:29:16.426" endtime="20220327 18:29:27.296"/>
</test>
<status status="PASS" starttime="20220327 18:29:05.710" endtime="20220327 18:29:27.495"/>
</suite>
<status status="PASS" starttime="20220327 18:28:33.101" endtime="20220327 18:29:27.515"/>
</suite>
<statistics>
<total>
<stat pass="5" fail="0" skip="0">All Tests</stat>
</total>
<tag>
<stat pass="1" fail="0" skip="0">temp</stat>
</tag>
<suite>
<stat pass="5" fail="0" skip="0" id="s1" name="Tests">Tests</stat>
<stat pass="3" fail="0" skip="0" id="s1-s1" name="Busca">Tests.Busca</stat>
<stat pass="2" fail="0" skip="0" id="s1-s2" name="Carrinho">Tests.Carrinho</stat>
</suite>
</statistics>
<errors>
</errors>
</robot>
