<?xml version="1.0" encoding="UTF-8"?>
<robot generator="Robot 4.1.3 (Python 3.8.2 on win32)" generated="20220421 16:09:58.921" rpa="false" schemaversion="2">
<suite id="s1" name="Pedido" source="C:\ProjAuto\parodifood\tests\pedido.robot">
<test id="s1-t1" name="Deve realizar um novo pedido">
<kw name="Start Session" library="base" type="SETUP">
<kw name="New Browser" library="Browser">
<arg>chromium</arg>
<arg>false</arg>
<tag>BrowserControl</tag>
<tag>Setter</tag>
<doc>Create a new playwright Browser with specified options.</doc>
<msg timestamp="20220421 16:10:00.406" level="INFO">{"browser": "chromium", "headless": false, "handleSIGINT": true, "handleSIGTERM": true, "handleSIGHUP": true, "timeout": 30000.0, "devtools": false, "slowMo": 0.0, "tracesDir": "C:\\ProjAuto\\parodifood\\logs\\browser\\traces\\856b75c6-1edb-4976-8f4b-df324463d611"}</msg>
<msg timestamp="20220421 16:10:03.305" level="INFO">Successfully created browser with options: {"browser":"chromium","headless":false,"handleSIGINT":true,"handleSIGTERM":true,"handleSIGHUP":true,"timeout":30000,"devtools":false,"slowMo":0,"tracesDir":"C:\\ProjAuto\\parodifood\\logs\\browser\\traces\\856b75c6-1edb-4976-8f4b-df324463d611"}</msg>
<status status="PASS" starttime="20220421 16:10:00.406" endtime="20220421 16:10:03.305"/>
</kw>
<kw name="New Page" library="Browser">
<arg>https://parodifood.herokuapp.com/</arg>
<tag>BrowserControl</tag>
<tag>Setter</tag>
<doc>Open a new Page.</doc>
<msg timestamp="20220421 16:10:07.595" level="INFO">Successfully initialized new page object and opened url: https://parodifood.herokuapp.com/</msg>
<msg timestamp="20220421 16:10:07.596" level="INFO">No context was open. New context was automatically opened when this page is created.</msg>
<status status="PASS" starttime="20220421 16:10:03.306" endtime="20220421 16:10:07.597"/>
</kw>
<kw name="Get Text" library="Browser">
<arg>css=span:nth-child(1)</arg>
<arg>contains</arg>
<arg>Nunca foi tão engraçado pedir comida</arg>
<tag>Assertion</tag>
<tag>Getter</tag>
<tag>PageContent</tag>
<doc>Returns text attribute of the element found by ``selector``.</doc>
<status status="PASS" starttime="20220421 16:10:07.597" endtime="20220421 16:10:07.846"/>
</kw>
<status status="PASS" starttime="20220421 16:10:00.405" endtime="20220421 16:10:07.846"/>
</kw>
<kw name="Get JSON" library="base">
<var>${order_json}</var>
<arg>order.json</arg>
<kw name="Get File" library="OperatingSystem">
<var>${file}</var>
<arg>${EXECDIR}/resources/fixtures/${file_name}</arg>
<doc>Returns the contents of a specified file.</doc>
<msg timestamp="20220421 16:10:07.849" level="INFO" html="true">Getting file '&lt;a href="file://C:\ProjAuto\parodifood\resources\fixtures\order.json"&gt;C:\ProjAuto\parodifood\resources\fixtures\order.json&lt;/a&gt;'.</msg>
<msg timestamp="20220421 16:10:07.849" level="INFO">${file} = {
    "restaurant": "DEBUGER KING",
    "desc": "40 anos se especializando em trash food.",
    "products": [
        {
            "name": "Woopper Burger"
        },
        {
            "name": "B...</msg>
<status status="PASS" starttime="20220421 16:10:07.848" endtime="20220421 16:10:07.849"/>
</kw>
<kw name="Evaluate" library="BuiltIn">
<var>${super_var}</var>
<arg>json.loads($file)</arg>
<arg>json</arg>
<doc>Evaluates the given expression in Python and returns the result.</doc>
<msg timestamp="20220421 16:10:07.855" level="INFO">${super_var} = {'restaurant': 'DEBUGER KING', 'desc': '40 anos se especializando em trash food.', 'products': [{'name': 'Woopper Burger'}, {'name': 'Batatas Fritas'}, {'name': 'Refrigerante'}], 'total': '28,50', 'cu...</msg>
<status status="PASS" starttime="20220421 16:10:07.850" endtime="20220421 16:10:07.855"/>
</kw>
<msg timestamp="20220421 16:10:07.856" level="INFO">${order_json} = {'restaurant': 'DEBUGER KING', 'desc': '40 anos se especializando em trash food.', 'products': [{'name': 'Woopper Burger'}, {'name': 'Batatas Fritas'}, {'name': 'Refrigerante'}], 'total': '28,50', 'cu...</msg>
<status status="PASS" starttime="20220421 16:10:07.848" endtime="20220421 16:10:07.856"/>
</kw>
<kw name="Go to Restaurants" library="search">
<kw name="Click" library="Browser">
<arg>text=Estou com fome!</arg>
<tag>PageContent</tag>
<tag>Setter</tag>
<doc>Simulates mouse click on the element found by ``selector``.</doc>
<status status="PASS" starttime="20220421 16:10:07.857" endtime="20220421 16:10:08.009"/>
</kw>
<kw name="Get Text" library="Browser">
<arg>css=h1 strong</arg>
<arg>contains</arg>
<arg>Ta na hora de matar a fome!</arg>
<tag>Assertion</tag>
<tag>Getter</tag>
<tag>PageContent</tag>
<doc>Returns text attribute of the element found by ``selector``.</doc>
<status status="PASS" starttime="20220421 16:10:08.009" endtime="20220421 16:10:08.035"/>
</kw>
<status status="PASS" starttime="20220421 16:10:07.857" endtime="20220421 16:10:08.035"/>
</kw>
<kw name="Choose Restaurant" library="search">
<arg>${order_json}</arg>
<kw name="Click" library="Browser">
<arg>text=${super_var["restaurant"]}</arg>
<tag>PageContent</tag>
<tag>Setter</tag>
<doc>Simulates mouse click on the element found by ``selector``.</doc>
<status status="PASS" starttime="20220421 16:10:08.038" endtime="20220421 16:10:08.724"/>
</kw>
<kw name="Wait For Elements State" library="Browser">
<arg>css=#detail</arg>
<arg>visible</arg>
<arg>10</arg>
<tag>PageContent</tag>
<tag>Wait</tag>
<doc>Waits for the element found by ``selector`` to satisfy state option.</doc>
<msg timestamp="20220421 16:10:08.739" level="INFO">Waited for Element with selector css=#detail at state visible</msg>
<status status="PASS" starttime="20220421 16:10:08.724" endtime="20220421 16:10:08.739"/>
</kw>
<kw name="Get Text" library="Browser">
<arg>css=#detail</arg>
<arg>contains</arg>
<arg>${super_var["desc"]}</arg>
<tag>Assertion</tag>
<tag>Getter</tag>
<tag>PageContent</tag>
<doc>Returns text attribute of the element found by ``selector``.</doc>
<status status="PASS" starttime="20220421 16:10:08.739" endtime="20220421 16:10:08.873"/>
</kw>
<status status="PASS" starttime="20220421 16:10:08.036" endtime="20220421 16:10:08.874"/>
</kw>
<for flavor="IN">
<var>${product}</var>
<value>@{order_json["products"]}</value>
<iter>
<var name="${product}">{'name': 'Woopper Burger'}</var>
<kw name="Add to cart" library="cart">
<arg>${product["name"]}</arg>
<kw name="Click" library="Browser">
<arg>xpath=//span[text()="${name}"]/..//a[@class="add-to-cart"]</arg>
<tag>PageContent</tag>
<tag>Setter</tag>
<doc>Simulates mouse click on the element found by ``selector``.</doc>
<status status="PASS" starttime="20220421 16:10:08.878" endtime="20220421 16:10:09.213"/>
</kw>
<status status="PASS" starttime="20220421 16:10:08.876" endtime="20220421 16:10:09.214"/>
</kw>
<kw name="Should Add to cart" library="cart">
<arg>${product["name"]}</arg>
<kw name="Wait For Elements State" library="Browser">
<arg>css=#cart tr &gt;&gt; text=${name}</arg>
<arg>visible</arg>
<arg>5</arg>
<tag>PageContent</tag>
<tag>Wait</tag>
<doc>Waits for the element found by ``selector`` to satisfy state option.</doc>
<msg timestamp="20220421 16:10:09.233" level="INFO">Waited for Element with selector css=#cart tr &gt;&gt; text=Woopper Burger at state visible</msg>
<status status="PASS" starttime="20220421 16:10:09.217" endtime="20220421 16:10:09.233"/>
</kw>
<status status="PASS" starttime="20220421 16:10:09.214" endtime="20220421 16:10:09.233"/>
</kw>
<status status="PASS" starttime="20220421 16:10:08.876" endtime="20220421 16:10:09.233"/>
</iter>
<iter>
<var name="${product}">{'name': 'Batatas Fritas'}</var>
<kw name="Add to cart" library="cart">
<arg>${product["name"]}</arg>
<kw name="Click" library="Browser">
<arg>xpath=//span[text()="${name}"]/..//a[@class="add-to-cart"]</arg>
<tag>PageContent</tag>
<tag>Setter</tag>
<doc>Simulates mouse click on the element found by ``selector``.</doc>
<status status="PASS" starttime="20220421 16:10:09.235" endtime="20220421 16:10:09.294"/>
</kw>
<status status="PASS" starttime="20220421 16:10:09.234" endtime="20220421 16:10:09.295"/>
</kw>
<kw name="Should Add to cart" library="cart">
<arg>${product["name"]}</arg>
<kw name="Wait For Elements State" library="Browser">
<arg>css=#cart tr &gt;&gt; text=${name}</arg>
<arg>visible</arg>
<arg>5</arg>
<tag>PageContent</tag>
<tag>Wait</tag>
<doc>Waits for the element found by ``selector`` to satisfy state option.</doc>
<msg timestamp="20220421 16:10:09.311" level="INFO">Waited for Element with selector css=#cart tr &gt;&gt; text=Batatas Fritas at state visible</msg>
<status status="PASS" starttime="20220421 16:10:09.296" endtime="20220421 16:10:09.311"/>
</kw>
<status status="PASS" starttime="20220421 16:10:09.295" endtime="20220421 16:10:09.311"/>
</kw>
<status status="PASS" starttime="20220421 16:10:09.233" endtime="20220421 16:10:09.311"/>
</iter>
<iter>
<var name="${product}">{'name': 'Refrigerante'}</var>
<kw name="Add to cart" library="cart">
<arg>${product["name"]}</arg>
<kw name="Click" library="Browser">
<arg>xpath=//span[text()="${name}"]/..//a[@class="add-to-cart"]</arg>
<tag>PageContent</tag>
<tag>Setter</tag>
<doc>Simulates mouse click on the element found by ``selector``.</doc>
<status status="PASS" starttime="20220421 16:10:09.313" endtime="20220421 16:10:09.377"/>
</kw>
<status status="PASS" starttime="20220421 16:10:09.312" endtime="20220421 16:10:09.377"/>
</kw>
<kw name="Should Add to cart" library="cart">
<arg>${product["name"]}</arg>
<kw name="Wait For Elements State" library="Browser">
<arg>css=#cart tr &gt;&gt; text=${name}</arg>
<arg>visible</arg>
<arg>5</arg>
<tag>PageContent</tag>
<tag>Wait</tag>
<doc>Waits for the element found by ``selector`` to satisfy state option.</doc>
<msg timestamp="20220421 16:10:09.394" level="INFO">Waited for Element with selector css=#cart tr &gt;&gt; text=Refrigerante at state visible</msg>
<status status="PASS" starttime="20220421 16:10:09.379" endtime="20220421 16:10:09.394"/>
</kw>
<status status="PASS" starttime="20220421 16:10:09.377" endtime="20220421 16:10:09.395"/>
</kw>
<status status="PASS" starttime="20220421 16:10:09.312" endtime="20220421 16:10:09.395"/>
</iter>
<status status="PASS" starttime="20220421 16:10:08.874" endtime="20220421 16:10:09.395"/>
</for>
<kw name="Go Checkout" library="order">
<kw name="Click" library="Browser">
<arg>text=Fechar Pedido</arg>
<tag>PageContent</tag>
<tag>Setter</tag>
<doc>Simulates mouse click on the element found by ``selector``.</doc>
<status status="PASS" starttime="20220421 16:10:09.396" endtime="20220421 16:10:09.551"/>
</kw>
<kw name="Set Variable" library="BuiltIn">
<var>${element}</var>
<arg>css=.page-header</arg>
<doc>Returns the given values which can then be assigned to a variables.</doc>
<msg timestamp="20220421 16:10:09.552" level="INFO">${element} = css=.page-header</msg>
<status status="PASS" starttime="20220421 16:10:09.551" endtime="20220421 16:10:09.552"/>
</kw>
<kw name="Wait For Elements State" library="Browser">
<arg>${element}</arg>
<arg>visible</arg>
<arg>10</arg>
<tag>PageContent</tag>
<tag>Wait</tag>
<doc>Waits for the element found by ``selector`` to satisfy state option.</doc>
<msg timestamp="20220421 16:10:09.572" level="INFO">Waited for Element with selector css=.page-header at state visible</msg>
<status status="PASS" starttime="20220421 16:10:09.552" endtime="20220421 16:10:09.572"/>
</kw>
<kw name="Get Text" library="Browser">
<arg>${element}</arg>
<arg>contains</arg>
<arg>Finalize o seu pedido</arg>
<tag>Assertion</tag>
<tag>Getter</tag>
<tag>PageContent</tag>
<doc>Returns text attribute of the element found by ``selector``.</doc>
<status status="PASS" starttime="20220421 16:10:09.573" endtime="20220421 16:10:09.608"/>
</kw>
<status status="PASS" starttime="20220421 16:10:09.396" endtime="20220421 16:10:09.609"/>
</kw>
<kw name="Fill Data Customer" library="order">
<arg>${order_json["customer"]}</arg>
<kw name="Fill Text" library="Browser">
<arg>css=input[placeholder="Nome"]</arg>
<arg>${customer["name"]}</arg>
<tag>PageContent</tag>
<tag>Setter</tag>
<doc>Clears and fills the given ``txt`` into the text field found by ``selector``.</doc>
<msg timestamp="20220421 16:10:09.611" level="INFO">Fills the text 'Guilherme Rehder' in the given field.</msg>
<status status="PASS" starttime="20220421 16:10:09.610" endtime="20220421 16:10:09.656"/>
</kw>
<kw name="Fill Text" library="Browser">
<arg>css=input[placeholder="E-mail"]</arg>
<arg>${customer["email"]}</arg>
<tag>PageContent</tag>
<tag>Setter</tag>
<doc>Clears and fills the given ``txt`` into the text field found by ``selector``.</doc>
<msg timestamp="20220421 16:10:09.658" level="INFO">Fills the text 'guilhermerehder@bugs.com' in the given field.</msg>
<status status="PASS" starttime="20220421 16:10:09.656" endtime="20220421 16:10:09.700"/>
</kw>
<kw name="Fill Text" library="Browser">
<arg>css=input[placeholder^="Confirmação"]</arg>
<arg>${customer["email"]}</arg>
<tag>PageContent</tag>
<tag>Setter</tag>
<doc>Clears and fills the given ``txt`` into the text field found by ``selector``.</doc>
<msg timestamp="20220421 16:10:09.702" level="INFO">Fills the text 'guilhermerehder@bugs.com' in the given field.</msg>
<status status="PASS" starttime="20220421 16:10:09.700" endtime="20220421 16:10:09.745"/>
</kw>
<kw name="Fill Text" library="Browser">
<arg>css=input[placeholder="Endereço"]</arg>
<arg>${customer["address"]}</arg>
<tag>PageContent</tag>
<tag>Setter</tag>
<doc>Clears and fills the given ``txt`` into the text field found by ``selector``.</doc>
<msg timestamp="20220421 16:10:09.746" level="INFO">Fills the text 'Rua dos Bugs' in the given field.</msg>
<status status="PASS" starttime="20220421 16:10:09.745" endtime="20220421 16:10:09.786"/>
</kw>
<kw name="Fill Text" library="Browser">
<arg>css=input[placeholder="Número"]</arg>
<arg>${customer["number"]}</arg>
<tag>PageContent</tag>
<tag>Setter</tag>
<doc>Clears and fills the given ``txt`` into the text field found by ``selector``.</doc>
<msg timestamp="20220421 16:10:09.790" level="INFO">Fills the text '1000' in the given field.</msg>
<status status="PASS" starttime="20220421 16:10:09.787" endtime="20220421 16:10:09.846"/>
</kw>
<status status="PASS" starttime="20220421 16:10:09.609" endtime="20220421 16:10:09.846"/>
</kw>
<kw name="Select Payment Option" library="order">
<arg>${order_json["payment"]}</arg>
<if>
<branch type="IF" condition="&quot;${payment}&quot; == &quot;Dinheiro&quot;">
<kw name="Click" library="Browser">
<arg>xpath=(//mt-radio//label)[1]//div</arg>
<tag>PageContent</tag>
<tag>Setter</tag>
<doc>Simulates mouse click on the element found by ``selector``.</doc>
<status status="PASS" starttime="20220421 16:10:09.851" endtime="20220421 16:10:09.913"/>
</kw>
<status status="PASS" starttime="20220421 16:10:09.850" endtime="20220421 16:10:09.914"/>
</branch>
<branch type="ELSE IF" condition="&quot;${payment}&quot; == &quot;Cartão de Débito&quot;">
<kw name="Click" library="Browser">
<arg>xpath=(//mt-radio//label)[2]//div</arg>
<tag>PageContent</tag>
<tag>Setter</tag>
<doc>Simulates mouse click on the element found by ``selector``.</doc>
<status status="NOT RUN" starttime="20220421 16:10:09.914" endtime="20220421 16:10:09.914"/>
</kw>
<status status="NOT RUN" starttime="20220421 16:10:09.914" endtime="20220421 16:10:09.914"/>
</branch>
<branch type="ELSE IF" condition="&quot;${payment}&quot; == &quot;Cartão Refeição&quot;">
<kw name="Click" library="Browser">
<arg>xpath=(//mt-radio//label)[3]//div</arg>
<tag>PageContent</tag>
<tag>Setter</tag>
<doc>Simulates mouse click on the element found by ``selector``.</doc>
<status status="NOT RUN" starttime="20220421 16:10:09.914" endtime="20220421 16:10:09.914"/>
</kw>
<status status="NOT RUN" starttime="20220421 16:10:09.914" endtime="20220421 16:10:09.914"/>
</branch>
<branch type="ELSE">
<kw name="Fail" library="BuiltIn">
<arg>Incorrect payment type</arg>
<doc>Fails the test with the given message and optionally alters its tags.</doc>
<status status="NOT RUN" starttime="20220421 16:10:09.914" endtime="20220421 16:10:09.915"/>
</kw>
<status status="NOT RUN" starttime="20220421 16:10:09.914" endtime="20220421 16:10:09.915"/>
</branch>
<status status="PASS" starttime="20220421 16:10:09.850" endtime="20220421 16:10:09.915"/>
</if>
<status status="PASS" starttime="20220421 16:10:09.848" endtime="20220421 16:10:09.915"/>
</kw>
<kw name="Pay order" library="order">
<kw name="Click" library="Browser">
<arg>text=Concluir Pedido</arg>
<tag>PageContent</tag>
<tag>Setter</tag>
<doc>Simulates mouse click on the element found by ``selector``.</doc>
<status status="PASS" starttime="20220421 16:10:09.916" endtime="20220421 16:10:09.979"/>
</kw>
<status status="PASS" starttime="20220421 16:10:09.916" endtime="20220421 16:10:09.979"/>
</kw>
<kw name="Order Should Be Completed" library="order">
<kw name="Wait For Elements State" library="Browser">
<arg>xpath=//h2[contains(text(),'Pedido Conluído')]</arg>
<tag>PageContent</tag>
<tag>Wait</tag>
<doc>Waits for the element found by ``selector`` to satisfy state option.</doc>
<msg timestamp="20220421 16:10:10.202" level="INFO">Waited for Element with selector xpath=//h2[contains(text(),'Pedido Conluído')] at state visible</msg>
<status status="PASS" starttime="20220421 16:10:09.980" endtime="20220421 16:10:10.202"/>
</kw>
<status status="PASS" starttime="20220421 16:10:09.980" endtime="20220421 16:10:10.203"/>
</kw>
<kw name="Sleep" library="BuiltIn">
<arg>10s</arg>
<doc>Pauses the test executed for the given time.</doc>
<msg timestamp="20220421 16:10:20.208" level="INFO">Slept 10 seconds</msg>
<status status="PASS" starttime="20220421 16:10:10.204" endtime="20220421 16:10:20.208"/>
</kw>
<kw name="Take Screenshot" library="Browser" type="TEARDOWN">
<tag>PageContent</tag>
<doc>Takes a screenshot of the current window or element and saves it to disk.</doc>
<msg timestamp="20220421 16:10:20.405" level="INFO" html="true">&lt;/td&gt;&lt;/tr&gt;&lt;tr&gt;&lt;td colspan="3"&gt;&lt;a href="browser/screenshot/robotframework-browser-screenshot-1.png"&gt;&lt;img src="browser/screenshot/robotframework-browser-screenshot-1.png" width="800px"&gt;&lt;/a&gt;</msg>
<status status="PASS" starttime="20220421 16:10:20.211" endtime="20220421 16:10:20.405"/>
</kw>
<status status="PASS" starttime="20220421 16:10:00.400" endtime="20220421 16:10:20.405"/>
</test>
<status status="PASS" starttime="20220421 16:09:58.924" endtime="20220421 16:10:20.533"/>
</suite>
<statistics>
<total>
<stat pass="1" fail="0" skip="0">All Tests</stat>
</total>
<tag>
</tag>
<suite>
<stat pass="1" fail="0" skip="0" id="s1" name="Pedido">Pedido</stat>
</suite>
</statistics>
<errors>
</errors>
</robot>
