<?xml version="1.0" encoding="UTF-8"?>
<robot generator="Robot 4.1.3 (Python 3.8.2 on win32)" generated="20220228 19:44:18.637" rpa="false" schemaversion="2">
<suite id="s1" name="Busca" source="C:\ProjAuto\parodifood\tests\busca.robot">
<test id="s1-t1" name="Buscar um restaurante">
<kw name="New Browser" library="Browser">
<arg>chromium</arg>
<arg>false</arg>
<tag>BrowserControl</tag>
<tag>Setter</tag>
<doc>Create a new playwright Browser with specified options.</doc>
<msg timestamp="20220228 19:44:20.684" level="INFO">{"browser": "chromium", "headless": false, "handleSIGINT": true, "handleSIGTERM": true, "handleSIGHUP": true, "timeout": 30000.0, "devtools": false, "slowMo": 0.0, "tracesDir": "C:\\ProjAuto\\parodifood\\logs\\browser\\traces\\9cedc806-515d-4224-aaeb-2b4e7656f233"}</msg>
<msg timestamp="20220228 19:44:24.091" level="INFO">Successfully created browser with options: {"browser":"chromium","headless":false,"handleSIGINT":true,"handleSIGTERM":true,"handleSIGHUP":true,"timeout":30000,"devtools":false,"slowMo":0,"tracesDir":"C:\\ProjAuto\\parodifood\\logs\\browser\\traces\\9cedc806-515d-4224-aaeb-2b4e7656f233"}</msg>
<status status="PASS" starttime="20220228 19:44:20.683" endtime="20220228 19:44:24.091"/>
</kw>
<kw name="New Page" library="Browser">
<arg>https://parodifood.herokuapp.com/</arg>
<tag>BrowserControl</tag>
<tag>Setter</tag>
<doc>Open a new Page.</doc>
<msg timestamp="20220228 19:44:28.351" level="INFO">Successfully initialized new page object and opened url: https://parodifood.herokuapp.com/</msg>
<msg timestamp="20220228 19:44:28.351" level="INFO">No context was open. New context was automatically opened when this page is created.</msg>
<status status="PASS" starttime="20220228 19:44:24.138" endtime="20220228 19:44:28.351"/>
</kw>
<kw name="Get Text" library="Browser">
<arg>css=span:nth-child(1)</arg>
<arg>contains</arg>
<arg>Nunca foi tão engraçado pedir comida</arg>
<tag>Assertion</tag>
<tag>Getter</tag>
<tag>PageContent</tag>
<doc>Returns text attribute of the element found by ``selector``.</doc>
<status status="PASS" starttime="20220228 19:44:28.382" endtime="20220228 19:44:28.671"/>
</kw>
<kw name="Click" library="Browser">
<arg>text=Estou com fome!</arg>
<tag>PageContent</tag>
<tag>Setter</tag>
<doc>Simulates mouse click on the element found by ``selector``.</doc>
<status status="PASS" starttime="20220228 19:44:28.672" endtime="20220228 19:44:28.869"/>
</kw>
<kw name="Get Text" library="Browser">
<arg>css=h1 strong</arg>
<arg>contains</arg>
<arg>Ta na hora de matar a fome!</arg>
<tag>Assertion</tag>
<tag>Getter</tag>
<tag>PageContent</tag>
<doc>Returns text attribute of the element found by ``selector``.</doc>
<status status="PASS" starttime="20220228 19:44:28.870" endtime="20220228 19:44:28.911"/>
</kw>
<kw name="Click" library="Browser">
<arg>css=.search-link</arg>
<tag>PageContent</tag>
<tag>Setter</tag>
<doc>Simulates mouse click on the element found by ``selector``.</doc>
<status status="PASS" starttime="20220228 19:44:28.914" endtime="20220228 19:44:29.089"/>
</kw>
<kw name="Fill Text" library="Browser">
<arg>css=input[formcontrolname="searchControl"]</arg>
<arg>Debuger</arg>
<tag>PageContent</tag>
<tag>Setter</tag>
<doc>Clears and fills the given ``txt`` into the text field found by ``selector``.</doc>
<msg timestamp="20220228 19:44:29.101" level="INFO">Fills the text 'Debuger' in the given field.</msg>
<status status="PASS" starttime="20220228 19:44:29.100" endtime="20220228 19:44:29.159"/>
</kw>
<kw name="Wait For Elements State" library="Browser">
<arg>css=.place-info-box</arg>
<arg>visible</arg>
<arg>10</arg>
<tag>PageContent</tag>
<tag>Wait</tag>
<doc>Waits for the element found by ``selector`` to satisfy state option.</doc>
<msg timestamp="20220228 19:44:29.974" level="INFO">Waited for Element with selector css=.place-info-box at state visible</msg>
<status status="PASS" starttime="20220228 19:44:29.162" endtime="20220228 19:44:29.975"/>
</kw>
<kw name="Get Text" library="Browser">
<arg>css=.place-info-box</arg>
<arg>contains</arg>
<arg>DEBUGER KING</arg>
<tag>Assertion</tag>
<tag>Getter</tag>
<tag>PageContent</tag>
<doc>Returns text attribute of the element found by ``selector``.</doc>
<status status="PASS" starttime="20220228 19:44:29.978" endtime="20220228 19:44:30.018"/>
</kw>
<kw name="Take Screenshot" library="Browser">
<tag>PageContent</tag>
<doc>Takes a screenshot of the current window or element and saves it to disk.</doc>
<msg timestamp="20220228 19:44:30.218" level="INFO" html="true">&lt;/td&gt;&lt;/tr&gt;&lt;tr&gt;&lt;td colspan="3"&gt;&lt;a href="browser/screenshot/robotframework-browser-screenshot-1.png"&gt;&lt;img src="browser/screenshot/robotframework-browser-screenshot-1.png" width="800px"&gt;&lt;/a&gt;</msg>
<status status="PASS" starttime="20220228 19:44:30.018" endtime="20220228 19:44:30.218"/>
</kw>
<status status="PASS" starttime="20220228 19:44:20.678" endtime="20220228 19:44:30.219"/>
</test>
<status status="PASS" starttime="20220228 19:44:18.640" endtime="20220228 19:44:30.454"/>
</suite>
<statistics>
<total>
<stat pass="1" fail="0" skip="0">All Tests</stat>
</total>
<tag>
</tag>
<suite>
<stat pass="1" fail="0" skip="0" id="s1" name="Busca">Busca</stat>
</suite>
</statistics>
<errors>
</errors>
</robot>
